<?xml version="1.0" encoding="UTF-8"?>
<!-- Generated by org.testng.reporters.JUnitReportReporter -->
<testsuite skipped="0" hostname="DESKTOP-SGDSSG9" name="SeleniumAuto.FirstTest" tests="2" failures="0" timestamp="29 Aug 2020 14:27:45 GMT" time="31.810" errors="0">
  <testcase name="welcome" time="0.004" classname="SeleniumAuto.FirstTest"/>
  <testcase name="openUrl" time="31.806" classname="SeleniumAuto.FirstTest"/>
</testsuite> <!-- SeleniumAuto.FirstTest -->
