<?xml version="1.0" encoding="UTF-8"?>
<!-- Generated by org.testng.reporters.JUnitReportReporter -->
<testsuite hostname="DESKTOP-SGDSSG9" failures="0" tests="2" name="SeleniumAuto.AudiCar" time="0.005" errors="0" timestamp="2021-09-10T07:43:59 IST" skipped="0">
  <testcase classname="SeleniumAuto.AudiCar" name="catlog" time="0.003"/>
  <system-out/>
  <testcase classname="SeleniumAuto.AudiCar" name="servise" time="0.002"/>
  <system-out/>
</testsuite> <!-- SeleniumAuto.AudiCar -->
