<?xml version="1.0" encoding="UTF-8"?>
<!-- Generated by org.testng.reporters.JUnitReportReporter -->
<testsuite hostname="DESKTOP-SGDSSG9" failures="0" tests="3" name="SeleniumAuto.ToyotaCar" time="0.004" errors="0" timestamp="2021-09-10T07:43:59 IST" skipped="0">
  <testcase classname="SeleniumAuto.ToyotaCar" name="catlog" time="0.001"/>
  <system-out/>
  <testcase classname="SeleniumAuto.ToyotaCar" name="welcome" time="0.001"/>
  <system-out/>
  <testcase classname="SeleniumAuto.ToyotaCar" name="servise" time="0.002"/>
  <system-out/>
</testsuite> <!-- SeleniumAuto.ToyotaCar -->
